#
# There is insufficient memory for the Java Runtime Environment to continue.
# Native memory allocation (malloc) failed to allocate 262160 bytes for Chunk::new
# Possible reasons:
#   The system is out of physical RAM or swap space
#   The process is running with CompressedOops enabled, and the Java Heap may be blocking the growth of the native heap
# Possible solutions:
#   Reduce memory load on the system
#   Increase physical memory or swap space
#   Check if swap backing store is full
#   Decrease Java heap size (-Xmx/-Xms)
#   Decrease number of Java threads
#   Decrease Java thread stack sizes (-Xss)
#   Set larger code cache with -XX:ReservedCodeCacheSize=
#   JVM is running with Unscaled Compressed Oops mode in which the Java heap is
#     placed in the first 4GB address space. The Java Heap base address is the
#     maximum limit for the native heap growth. Please use -XX:HeapBaseMinAddress
#     to set the Java Heap base and to place the Java Heap above 4GB virtual address.
# This output file may be truncated or incomplete.
#
#  Out of Memory Error (allocation.cpp:389), pid=4068, tid=0x0000000000002454
#
# JRE version: Java(TM) SE Runtime Environment (8.0_211-b12) (build 1.8.0_211-b12)
# Java VM: Java HotSpot(TM) 64-Bit Server VM (25.211-b12 mixed mode windows-amd64 compressed oops)
# Failed to write core dump. Minidumps are not enabled by default on client versions of Windows
#

---------------  T H R E A D  ---------------

Current thread (0x0000000012a61800):  JavaThread "C2 CompilerThread0" daemon [_thread_in_native, id=9300, stack(0x00000000140e0000,0x00000000141e0000)]

Stack: [0x00000000140e0000,0x00000000141e0000]
[error occurred during error reporting (printing stack bounds), id 0xc0000005]

Native frames: (J=compiled Java code, j=interpreted, Vv=VM code, C=native code)


Current CompileTask:
C2: 429634 1353       4       org.gradle.internal.logging.console.WorkInProgressRenderer::renderNow (351 bytes)


---------------  P R O C E S S  ---------------

Java Threads: ( => current thread )
  0x0000000015b02800 JavaThread "Forward input" [_thread_blocked, id=9292, stack(0x0000000016a20000,0x0000000016b20000)]
  0x0000000015b02000 JavaThread "DisconnectableInputStream source reader" daemon [_thread_in_native, id=3300, stack(0x0000000016920000,0x0000000016a20000)]
  0x0000000015077000 JavaThread "pool-1-thread-1" [_thread_blocked, id=3420, stack(0x0000000015540000,0x0000000015640000)]
  0x0000000014408800 JavaThread "Service Thread" daemon [_thread_blocked, id=4168, stack(0x00000000147e0000,0x00000000148e0000)]
  0x0000000012a6c000 JavaThread "C1 CompilerThread2" daemon [_thread_blocked, id=12220, stack(0x00000000142e0000,0x00000000143e0000)]
  0x0000000012a65800 JavaThread "C2 CompilerThread1" daemon [_thread_blocked, id=1600, stack(0x00000000141e0000,0x00000000142e0000)]
=>0x0000000012a61800 JavaThread "C2 CompilerThread0" daemon [_thread_in_native, id=9300, stack(0x00000000140e0000,0x00000000141e0000)]
  0x0000000012a60000 JavaThread "Attach Listener" daemon [_thread_blocked, id=11848, stack(0x0000000013fe0000,0x00000000140e0000)]
  0x0000000012a5f000 JavaThread "Signal Dispatcher" daemon [_thread_blocked, id=11740, stack(0x0000000013ee0000,0x0000000013fe0000)]
  0x00000000026dc000 JavaThread "Finalizer" daemon [_thread_blocked, id=4536, stack(0x0000000013cb0000,0x0000000013db0000)]
  0x0000000012a4a000 JavaThread "Reference Handler" daemon [_thread_blocked, id=11228, stack(0x0000000013bb0000,0x0000000013cb0000)]
  0x00000000025ae800 JavaThread "main" [_thread_in_native, id=6436, stack(0x0000000002450000,0x0000000002550000)]

Other Threads:
  0x0000000012a27000 VMThread [stack: 0x0000000013ab0000,0x0000000013bb0000] [id=7532]
  0x0000000012abe800 WatcherThread [stack: 0x00000000148e0000,0x00000000149e0000] [id=5556]

VM state:at safepoint (normal execution)

VM Mutex/Monitor currently owned by a thread:  ([mutex/lock_event])
[0x00000000025ad400] Threads_lock - owner thread: 0x0000000012a27000
[0x00000000025e0d50] Heap_lock - owner thread: 0x0000000015077000

heap address: 0x00000000fc000000, size: 64 MB, Compressed Oops mode: 32-bit
Narrow klass base: 0x0000000000000000, Narrow klass shift: 3
Compressed class space size: 1073741824 Address: 0x0000000100000000

Heap:
 PSYoungGen      total 18944K, used 18912K [0x00000000feb00000, 0x0000000100000000, 0x0000000100000000)
  eden space 16384K, 100% used [0x00000000feb00000,0x00000000ffb00000,0x00000000ffb00000)
  from space 2560K, 98% used [0x00000000ffd80000,0x00000000ffff8020,0x0000000100000000)
  to   space 2560K, 0% used [0x00000000ffb00000,0x00000000ffb00000,0x00000000ffd80000)
 ParOldGen       total 44032K, used 1813K [0x00000000fc000000, 0x00000000feb00000, 0x00000000feb00000)
  object space 44032K, 4% used [0x00000000fc000000,0x00000000fc1c54d8,0x00000000feb00000)
 Metaspace       used 11663K, capacity 11974K, committed 12160K, reserved 1060864K
  class space    used 1520K, capacity 1629K, committed 1664K, reserved 1048576K

Card table byte_map: [0x0000000002560000,0x0000000002590000] byte_map_base: 0x0000000001d80000

Marking Bits: (ParMarkBitMap*) 0x0000000077f75ce0
 Begin Bits: [0x0000000011ea0000, 0x0000000011fa0000)
 End Bits:   [0x0000000011fa0000, 0x00000000120a0000)

Polling page: 0x0000000000c80000

CodeCache: size=245760Kb used=4111Kb max_used=4127Kb free=241648Kb
 bounds [0x00000000026e0000, 0x0000000002af0000, 0x00000000116e0000]
 total_blobs=1648 nmethods=1275 adapters=285
 compilation: enabled

Compilation events (10 events):
Event: 310.729 Thread 0x0000000012a6c000 nmethod 1348 0x00000000028494d0 code [0x00000000028496a0, 0x0000000002849ce8]
Event: 310.729 Thread 0x0000000012a6c000 1347       3       org.gradle.internal.logging.console.DefaultColorMap$ForegroundColor::on (10 bytes)
Event: 310.730 Thread 0x0000000012a6c000 nmethod 1347 0x0000000002ae0210 code [0x0000000002ae0380, 0x0000000002ae05a8]
Event: 331.435 Thread 0x0000000012a65800 1350       4       java.lang.Long::stringSize (38 bytes)
Event: 331.440 Thread 0x0000000012a61800 1351       4       java.lang.AbstractStringBuilder::append (70 bytes)
Event: 331.446 Thread 0x0000000012a65800 nmethod 1350 0x0000000002849150 code [0x0000000002849280, 0x00000000028493f8]
Event: 332.121 Thread 0x0000000012a61800 nmethod 1351 0x0000000002842990 code [0x0000000002842b00, 0x0000000002843478]
Event: 344.975 Thread 0x0000000012a65800 1352       4       org.gradle.internal.logging.console.MultiLineBuildProgressArea::redraw (203 bytes)
Event: 346.658 Thread 0x0000000012a65800 nmethod 1352 0x0000000002ae9f50 code [0x0000000002aea220, 0x0000000002aeb3f0]
Event: 349.468 Thread 0x0000000012a61800 1353       4       org.gradle.internal.logging.console.WorkInProgressRenderer::renderNow (351 bytes)

GC Heap History (4 events):
Event: 1.544 GC heap before
{Heap before GC invocations=1 (full 0):
 PSYoungGen      total 18944K, used 16384K [0x00000000feb00000, 0x0000000100000000, 0x0000000100000000)
  eden space 16384K, 100% used [0x00000000feb00000,0x00000000ffb00000,0x00000000ffb00000)
  from space 2560K, 0% used [0x00000000ffd80000,0x00000000ffd80000,0x0000000100000000)
  to   space 2560K, 0% used [0x00000000ffb00000,0x00000000ffb00000,0x00000000ffd80000)
 ParOldGen       total 44032K, used 0K [0x00000000fc000000, 0x00000000feb00000, 0x00000000feb00000)
  object space 44032K, 0% used [0x00000000fc000000,0x00000000fc000000,0x00000000feb00000)
 Metaspace       used 6411K, capacity 6644K, committed 6784K, reserved 1056768K
  class space    used 797K, capacity 874K, committed 896K, reserved 1048576K
Event: 1.621 GC heap after
Heap after GC invocations=1 (full 0):
 PSYoungGen      total 18944K, used 2529K [0x00000000feb00000, 0x0000000100000000, 0x0000000100000000)
  eden space 16384K, 0% used [0x00000000feb00000,0x00000000feb00000,0x00000000ffb00000)
  from space 2560K, 98% used [0x00000000ffb00000,0x00000000ffd78778,0x00000000ffd80000)
  to   space 2560K, 0% used [0x00000000ffd80000,0x00000000ffd80000,0x0000000100000000)
 ParOldGen       total 44032K, used 356K [0x00000000fc000000, 0x00000000feb00000, 0x00000000feb00000)
  object space 44032K, 0% used [0x00000000fc000000,0x00000000fc059340,0x00000000feb00000)
 Metaspace       used 6411K, capacity 6644K, committed 6784K, reserved 1056768K
  class space    used 797K, capacity 874K, committed 896K, reserved 1048576K
}
Event: 7.221 GC heap before
{Heap before GC invocations=2 (full 0):
 PSYoungGen      total 18944K, used 18913K [0x00000000feb00000, 0x0000000100000000, 0x0000000100000000)
  eden space 16384K, 100% used [0x00000000feb00000,0x00000000ffb00000,0x00000000ffb00000)
  from space 2560K, 98% used [0x00000000ffb00000,0x00000000ffd78778,0x00000000ffd80000)
  to   space 2560K, 0% used [0x00000000ffd80000,0x00000000ffd80000,0x0000000100000000)
 ParOldGen       total 44032K, used 356K [0x00000000fc000000, 0x00000000feb00000, 0x00000000feb00000)
  object space 44032K, 0% used [0x00000000fc000000,0x00000000fc059340,0x00000000feb00000)
 Metaspace       used 9566K, capacity 9930K, committed 10112K, reserved 1058816K
  class space    used 1290K, capacity 1393K, committed 1408K, reserved 1048576K
Event: 7.245 GC heap after
Heap after GC invocations=2 (full 0):
 PSYoungGen      total 18944K, used 2528K [0x00000000feb00000, 0x0000000100000000, 0x0000000100000000)
  eden space 16384K, 0% used [0x00000000feb00000,0x00000000feb00000,0x00000000ffb00000)
  from space 2560K, 98% used [0x00000000ffd80000,0x00000000ffff8020,0x0000000100000000)
  to   space 2560K, 0% used [0x00000000ffb00000,0x00000000ffb00000,0x00000000ffd80000)
 ParOldGen       total 44032K, used 1813K [0x00000000fc000000, 0x00000000feb00000, 0x00000000feb00000)
  object space 44032K, 4% used [0x00000000fc000000,0x00000000fc1c54d8,0x00000000feb00000)
 Metaspace       used 9566K, capacity 9930K, committed 10112K, reserved 1058816K
  class space    used 1290K, capacity 1393K, committed 1408K, reserved 1048576K
}

Deoptimization events (10 events):
Event: 0.780 Thread 0x00000000025ae800 Uncommon trap: reason=unstable_if action=reinterpret pc=0x00000000028704b8 method=java.lang.String.startsWith(Ljava/lang/String;I)Z @ 25
Event: 1.678 Thread 0x00000000025ae800 Uncommon trap: reason=unstable_if action=reinterpret pc=0x00000000028c19a4 method=sun.misc.MetaIndex.mayContain(Ljava/lang/String;)Z @ 38
Event: 5.324 Thread 0x00000000025ae800 Uncommon trap: reason=unstable_if action=reinterpret pc=0x00000000029447e8 method=java.util.HashMap.hash(Ljava/lang/Object;)I @ 1
Event: 7.140 Thread 0x00000000025ae800 Uncommon trap: reason=unstable_if action=reinterpret pc=0x000000000293723c method=java.util.HashMap.getNode(ILjava/lang/Object;)Ljava/util/HashMap$Node; @ 129
Event: 7.140 Thread 0x00000000025ae800 Uncommon trap: reason=class_check action=maybe_recompile pc=0x000000000295261c method=java.util.HashMap.putVal(ILjava/lang/Object;Ljava/lang/Object;ZZ)Ljava/lang/Object; @ 203
Event: 9.450 Thread 0x0000000014672000 Uncommon trap: reason=class_check action=maybe_recompile pc=0x000000000295261c method=java.util.HashMap.putVal(ILjava/lang/Object;Ljava/lang/Object;ZZ)Ljava/lang/Object; @ 203
Event: 9.450 Thread 0x0000000014672000 Uncommon trap: reason=class_check action=maybe_recompile pc=0x000000000295261c method=java.util.HashMap.putVal(ILjava/lang/Object;Ljava/lang/Object;ZZ)Ljava/lang/Object; @ 203
Event: 103.070 Thread 0x0000000015077000 Uncommon trap: reason=unstable_if action=reinterpret pc=0x0000000002a7bc5c method=java.io.PrintStream.write(I)V @ 19
Event: 103.070 Thread 0x0000000015077000 Uncommon trap: reason=unstable_if action=reinterpret pc=0x0000000002a76028 method=java.io.BufferedOutputStream.write(I)V @ 9
Event: 113.294 Thread 0x00000000025ae800 Uncommon trap: reason=unstable_if action=reinterpret pc=0x0000000002aa763c method=com.esotericsoftware.kryo.io.Input.readUtf8(I)V @ 79

Classes redefined (0 events):
No events

Internal exceptions (10 events):
Event: 5.324 Thread 0x00000000025ae800 Implicit null exception at 0x00000000029445d5 to 0x00000000029447d9
Event: 5.414 Thread 0x00000000025ae800 Exception <a 'java/lang/ArrayIndexOutOfBoundsException'> (0x00000000ff4bf200) thrown at [C:\re\workspace\8-2-build-windows-amd64-cygwin\jdk8u211\12973\hotspot\src\share\vm\runtime\sharedRuntime.cpp, line 605]
Event: 5.415 Thread 0x00000000025ae800 Exception <a 'java/lang/ArrayIndexOutOfBoundsException'> (0x00000000ff4c33b8) thrown at [C:\re\workspace\8-2-build-windows-amd64-cygwin\jdk8u211\12973\hotspot\src\share\vm\runtime\sharedRuntime.cpp, line 605]
Event: 5.770 Thread 0x00000000025ae800 Exception <a 'java/lang/ArrayIndexOutOfBoundsException'> (0x00000000ff535c48) thrown at [C:\re\workspace\8-2-build-windows-amd64-cygwin\jdk8u211\12973\hotspot\src\share\vm\runtime\sharedRuntime.cpp, line 605]
Event: 5.771 Thread 0x00000000025ae800 Exception <a 'java/lang/ArrayIndexOutOfBoundsException'> (0x00000000ff538e00) thrown at [C:\re\workspace\8-2-build-windows-amd64-cygwin\jdk8u211\12973\hotspot\src\share\vm\runtime\sharedRuntime.cpp, line 605]
Event: 5.771 Thread 0x00000000025ae800 Exception <a 'java/lang/ArrayIndexOutOfBoundsException'> (0x00000000ff53a1c8) thrown at [C:\re\workspace\8-2-build-windows-amd64-cygwin\jdk8u211\12973\hotspot\src\share\vm\runtime\sharedRuntime.cpp, line 605]
Event: 5.771 Thread 0x00000000025ae800 Exception <a 'java/lang/ArrayIndexOutOfBoundsException'> (0x00000000ff53b290) thrown at [C:\re\workspace\8-2-build-windows-amd64-cygwin\jdk8u211\12973\hotspot\src\share\vm\runtime\sharedRuntime.cpp, line 605]
Event: 5.772 Thread 0x00000000025ae800 Exception <a 'java/lang/ArrayIndexOutOfBoundsException'> (0x00000000ff53c800) thrown at [C:\re\workspace\8-2-build-windows-amd64-cygwin\jdk8u211\12973\hotspot\src\share\vm\runtime\sharedRuntime.cpp, line 605]
Event: 6.559 Thread 0x00000000025ae800 Exception <a 'java/lang/NoSuchFieldError': method resolution failed> (0x00000000ff704ab8) thrown at [C:\re\workspace\8-2-build-windows-amd64-cygwin\jdk8u211\12973\hotspot\src\share\vm\prims\methodHandles.cpp, line 1167]
Event: 6.562 Thread 0x00000000025ae800 Exception <a 'java/lang/NoSuchFieldError': method resolution failed> (0x00000000ff712578) thrown at [C:\re\workspace\8-2-build-windows-amd64-cygwin\jdk8u211\12973\hotspot\src\share\vm\prims\methodHandles.cpp, line 1167]

Events (10 events):
Event: 195.894 Thread 0x0000000012a61800 flushing nmethod 0x000000000286ead0
Event: 196.668 Thread 0x0000000012a6c000 flushing nmethod 0x000000000288e210
Event: 196.728 Thread 0x0000000012a6c000 flushing nmethod 0x0000000002890810
Event: 196.729 Thread 0x0000000012a6c000 flushing nmethod 0x00000000028b5e50
Event: 196.730 Thread 0x0000000012a6c000 flushing nmethod 0x00000000028baad0
Event: 206.197 Thread 0x0000000012a61800 flushing nmethod 0x00000000028ebad0
Event: 207.788 Thread 0x0000000012a65800 flushing nmethod 0x00000000028f2790
Event: 213.521 Thread 0x0000000012a6c000 flushing nmethod 0x0000000002936ed0
Event: 250.491 loading class java/util/AbstractList$1
Event: 255.776 loading class java/util/AbstractList$1 done


Dynamic libraries:
0x00007ff6d2590000 - 0x00007ff6d25c7000 	C:\Program Files\Java\jdk1.8.0_211\bin\java.exe
0x00007fff3a440000 - 0x00007fff3a630000 	C:\WINDOWS\SYSTEM32\ntdll.dll
0x00007fff39900000 - 0x00007fff399b2000 	C:\WINDOWS\System32\KERNEL32.DLL
0x00007fff373e0000 - 0x00007fff37683000 	C:\WINDOWS\System32\KERNELBASE.dll
0x00007fff392e0000 - 0x00007fff39383000 	C:\WINDOWS\System32\ADVAPI32.dll
0x00007fff39b50000 - 0x00007fff39bee000 	C:\WINDOWS\System32\msvcrt.dll
0x00007fff39530000 - 0x00007fff395c7000 	C:\WINDOWS\System32\sechost.dll
0x00007fff39a30000 - 0x00007fff39b50000 	C:\WINDOWS\System32\RPCRT4.dll
0x00007fff39390000 - 0x00007fff39523000 	C:\WINDOWS\System32\USER32.dll
0x00007fff373b0000 - 0x00007fff373d1000 	C:\WINDOWS\System32\win32u.dll
0x00007fff38bf0000 - 0x00007fff38c16000 	C:\WINDOWS\System32\GDI32.dll
0x00007fff38330000 - 0x00007fff384c4000 	C:\WINDOWS\System32\gdi32full.dll
0x00007fff37830000 - 0x00007fff378ce000 	C:\WINDOWS\System32\msvcp_win.dll
0x00007fff380b0000 - 0x00007fff381aa000 	C:\WINDOWS\System32\ucrtbase.dll
0x00007fff25be0000 - 0x00007fff25e65000 	C:\WINDOWS\WinSxS\amd64_microsoft.windows.common-controls_6595b64144ccf1df_6.0.18362.239_none_e6c7aebd130c7608\COMCTL32.dll
0x00007fff38640000 - 0x00007fff38976000 	C:\WINDOWS\System32\combase.dll
0x00007fff376e0000 - 0x00007fff37760000 	C:\WINDOWS\System32\bcryptPrimitives.dll
0x00007fff38c20000 - 0x00007fff38c4e000 	C:\WINDOWS\System32\IMM32.DLL
0x0000000050020000 - 0x00000000500f2000 	C:\Program Files\Java\jdk1.8.0_211\jre\bin\msvcr100.dll
0x0000000077750000 - 0x0000000077ff5000 	C:\Program Files\Java\jdk1.8.0_211\jre\bin\server\jvm.dll
0x00007fff38630000 - 0x00007fff38638000 	C:\WINDOWS\System32\PSAPI.DLL
0x00007fff2b120000 - 0x00007fff2b12a000 	C:\WINDOWS\SYSTEM32\VERSION.dll
0x00007fff271a0000 - 0x00007fff271a9000 	C:\WINDOWS\SYSTEM32\WSOCK32.dll
0x00007fff339f0000 - 0x00007fff33a14000 	C:\WINDOWS\SYSTEM32\WINMM.dll
0x00007fff395d0000 - 0x00007fff3963f000 	C:\WINDOWS\System32\WS2_32.dll
0x00007fff339c0000 - 0x00007fff339ed000 	C:\WINDOWS\SYSTEM32\WINMMBASE.dll
0x00007fff37690000 - 0x00007fff376da000 	C:\WINDOWS\System32\cfgmgr32.dll
0x00007fff33fd0000 - 0x00007fff33fdf000 	C:\Program Files\Java\jdk1.8.0_211\jre\bin\verify.dll
0x00007fff337b0000 - 0x00007fff337d9000 	C:\Program Files\Java\jdk1.8.0_211\jre\bin\java.dll
0x00007fff33c50000 - 0x00007fff33c66000 	C:\Program Files\Java\jdk1.8.0_211\jre\bin\zip.dll
0x00007fff39bf0000 - 0x00007fff3a2d0000 	C:\WINDOWS\System32\SHELL32.dll
0x00007fff39230000 - 0x00007fff392d9000 	C:\WINDOWS\System32\shcore.dll
0x00007fff37930000 - 0x00007fff380ab000 	C:\WINDOWS\System32\windows.storage.dll
0x00007fff37350000 - 0x00007fff3736f000 	C:\WINDOWS\System32\profapi.dll
0x00007fff37300000 - 0x00007fff3734a000 	C:\WINDOWS\System32\powrprof.dll
0x00007fff372f0000 - 0x00007fff37300000 	C:\WINDOWS\System32\UMPDC.dll
0x00007fff38b90000 - 0x00007fff38be2000 	C:\WINDOWS\System32\shlwapi.dll
0x00007fff37390000 - 0x00007fff373a1000 	C:\WINDOWS\System32\kernel.appcore.dll
0x00007fff37810000 - 0x00007fff37827000 	C:\WINDOWS\System32\cryptsp.dll
0x00007fff33ad0000 - 0x00007fff33aea000 	C:\Program Files\Java\jdk1.8.0_211\jre\bin\net.dll
0x00007fff26ce0000 - 0x00007fff26eb6000 	C:\WINDOWS\SYSTEM32\urlmon.dll
0x00007fff264e0000 - 0x00007fff26786000 	C:\WINDOWS\SYSTEM32\iertutil.dll
0x00007fff36d30000 - 0x00007fff36d3c000 	C:\WINDOWS\SYSTEM32\CRYPTBASE.DLL
0x00007fff36b60000 - 0x00007fff36bc7000 	C:\WINDOWS\system32\mswsock.dll
0x00007fff300d0000 - 0x00007fff300e2000 	C:\Program Files\Java\jdk1.8.0_211\jre\bin\nio.dll
0x00007fff300a0000 - 0x00007fff300c6000 	C:\Users\HS3\.gradle\native\29\windows-amd64\native-platform.dll
0x00007fff36720000 - 0x00007fff36753000 	C:\WINDOWS\system32\rsaenh.dll
0x00007fff381b0000 - 0x00007fff381d6000 	C:\WINDOWS\System32\bcrypt.dll
0x00007fff37210000 - 0x00007fff37235000 	C:\WINDOWS\SYSTEM32\USERENV.dll
0x00007fff368c0000 - 0x00007fff368fa000 	C:\WINDOWS\SYSTEM32\IPHLPAPI.DLL
0x00007fff39640000 - 0x00007fff39648000 	C:\WINDOWS\System32\NSI.dll
0x00007fff30180000 - 0x00007fff30196000 	C:\WINDOWS\SYSTEM32\dhcpcsvc6.DLL
0x00007fff30070000 - 0x00007fff3008c000 	C:\WINDOWS\SYSTEM32\dhcpcsvc.DLL
0x00007fff36900000 - 0x00007fff369ca000 	C:\WINDOWS\SYSTEM32\DNSAPI.dll
0x00007fff33fc0000 - 0x00007fff33fca000 	C:\Users\HS3\.gradle\native\jansi\1.17.1\windows64\jansi-1.17.1-4513500255430961122.dll
0x00007fff32a80000 - 0x00007fff32a8a000 	C:\Users\HS3\.gradle\native\jansi\1.17.1\windows64\jansi-1.17.1-5186511161855220945.dll
0x00007fff322f0000 - 0x00007fff322fd000 	C:\Program Files\Java\jdk1.8.0_211\jre\bin\management.dll

VM Arguments:
jvm_args: -Xmx64m -Xms64m -Dorg.gradle.appname=gradlew 
java_command: org.gradle.wrapper.GradleWrapperMain app:installDebug -PreactNativeDevServerPort=8081
java_class_path (initial): E:\Respaldo\Documents\Visual Studio Code\react native\intercambiosFacilitos\android\\gradle\wrapper\gradle-wrapper.jar
Launcher Type: SUN_STANDARD

Environment Variables:
JAVA_HOME=C:\Program Files\Java\jdk1.8.0_211
CLASSPATH=E:\Respaldo\Documents\Visual Studio Code\react native\intercambiosFacilitos\android\\gradle\wrapper\gradle-wrapper.jar
PATH=C:\Python27\;C:\Python27\Scripts;C:\WINDOWS\system32;C:\WINDOWS;C:\WINDOWS\System32\Wbem;C:\WINDOWS\System32\WindowsPowerShell\v1.0\;C:\Program Files (x86)\Intel\OpenCL SDK\2.0\bin\x86;C:\Program Files (x86)\Intel\OpenCL SDK\2.0\bin\x64;C:\WINDOWS\System32\OpenSSH\;C:\Program Files\Git\cmd;C:\ProgramData\chocolatey\bin;C:\Program Files\nodejs\;C:\Program Files\Java\jdk1.8.0_211\bin;C:\Users\HS3\AppData\Local\Microsoft\WindowsApps;C:\Users\HS3\AppData\Local\Programs\Microsoft VS Code\bin;C:\Users\HS3\AppData\Local\GitHubDesktop\bin;C:\Users\HS3\AppData\Local\Microsoft\WindowsApps;C:\Users\HS3\AppData\Roaming\npm;C:\Users\HS3\AppData\Local\Android\Sdk\platform-tools;
USERNAME=HS3
OS=Windows_NT
PROCESSOR_IDENTIFIER=Intel64 Family 6 Model 42 Stepping 7, GenuineIntel



---------------  S Y S T E M  ---------------

OS: Windows 10.0 , 64 bit Build 18362 (10.0.18362.86)

CPU:total 4 (initial active 4) (2 cores per cpu, 2 threads per core) family 6 model 42 stepping 7, cmov, cx8, fxsr, mmx, sse, sse2, sse3, ssse3, sse4.1, sse4.2, popcnt, avx, aes, clmul, ht, tsc, tscinvbit

Memory: 4k page, physical 4072496k(2179560k free), swap 13879024k(8746932k free)

vm_info: Java HotSpot(TM) 64-Bit Server VM (25.211-b12) for windows-amd64 JRE (1.8.0_211-b12), built on Apr  1 2019 20:53:26 by "java_re" with MS VC++ 10.0 (VS2010)

time: Wed Jul 17 15:18:50 2019
timezone: Hora estándar de Venezuela
elapsed time: 433 seconds (0d 0h 7m 13s)

